mode: set
github.com/mstgnz/gomail/examples/basic/main.go:10.13,31.16 4 0
github.com/mstgnz/gomail/examples/basic/main.go:31.16,33.3 1 0
github.com/mstgnz/gomail/examples/basic/main.go:36.2,42.16 2 0
github.com/mstgnz/gomail/examples/basic/main.go:42.16,44.3 1 0
github.com/mstgnz/gomail/examples/basic/main.go:47.2,56.33 2 0
github.com/mstgnz/gomail/examples/basic/main.go:56.33,58.3 1 0
github.com/mstgnz/gomail/func.go:10.81,12.16 2 1
github.com/mstgnz/gomail/func.go:12.16,14.3 1 1
github.com/mstgnz/gomail/func.go:16.2,17.16 2 1
github.com/mstgnz/gomail/func.go:17.16,19.3 1 0
github.com/mstgnz/gomail/func.go:21.2,22.61 2 1
github.com/mstgnz/gomail/func.go:22.61,24.3 1 0
github.com/mstgnz/gomail/func.go:26.2,26.38 1 1
github.com/mstgnz/gomail/mail.go:48.43,51.2 2 1
github.com/mstgnz/gomail/mail.go:54.43,57.2 2 1
github.com/mstgnz/gomail/mail.go:60.43,63.2 2 1
github.com/mstgnz/gomail/mail.go:66.43,69.2 2 1
github.com/mstgnz/gomail/mail.go:72.43,75.2 2 1
github.com/mstgnz/gomail/mail.go:78.43,81.2 2 1
github.com/mstgnz/gomail/mail.go:84.49,87.2 2 1
github.com/mstgnz/gomail/mail.go:90.49,93.2 2 1
github.com/mstgnz/gomail/mail.go:96.42,99.2 2 1
github.com/mstgnz/gomail/mail.go:102.42,105.2 2 1
github.com/mstgnz/gomail/mail.go:108.44,111.2 2 1
github.com/mstgnz/gomail/mail.go:114.56,117.2 2 1
github.com/mstgnz/gomail/mail.go:120.60,123.2 2 1
github.com/mstgnz/gomail/mail.go:126.67,129.2 2 1
github.com/mstgnz/gomail/mail.go:132.44,135.2 2 1
github.com/mstgnz/gomail/mail.go:138.29,140.2 1 1
github.com/mstgnz/gomail/mail.go:143.69,145.16 2 1
github.com/mstgnz/gomail/mail.go:145.16,147.3 1 1
github.com/mstgnz/gomail/mail.go:148.2,149.17 2 1
github.com/mstgnz/gomail/mail.go:153.29,154.19 1 1
github.com/mstgnz/gomail/mail.go:154.19,156.3 1 0
github.com/mstgnz/gomail/mail.go:159.2,159.26 1 1
github.com/mstgnz/gomail/mail.go:159.26,161.3 1 1
github.com/mstgnz/gomail/mail.go:164.2,164.19 1 1
github.com/mstgnz/gomail/mail.go:164.19,166.17 2 1
github.com/mstgnz/gomail/mail.go:166.17,168.4 1 1
github.com/mstgnz/gomail/mail.go:169.3,169.16 1 1
github.com/mstgnz/gomail/mail.go:173.2,174.16 2 1
github.com/mstgnz/gomail/mail.go:174.16,176.3 1 0
github.com/mstgnz/gomail/mail.go:177.2,180.44 2 1
github.com/mstgnz/gomail/mail.go:180.44,182.3 1 0
github.com/mstgnz/gomail/mail.go:184.2,185.42 2 1
github.com/mstgnz/gomail/mail.go:185.42,186.48 1 1
github.com/mstgnz/gomail/mail.go:186.48,188.4 1 0
github.com/mstgnz/gomail/mail.go:191.2,192.16 2 1
github.com/mstgnz/gomail/mail.go:192.16,194.3 1 0
github.com/mstgnz/gomail/mail.go:195.2,216.52 5 1
github.com/mstgnz/gomail/mail.go:216.52,218.3 1 0
github.com/mstgnz/gomail/mail.go:221.2,224.16 2 1
github.com/mstgnz/gomail/mail.go:224.16,226.3 1 0
github.com/mstgnz/gomail/mail.go:227.2,227.64 1 1
github.com/mstgnz/gomail/mail.go:227.64,229.3 1 0
github.com/mstgnz/gomail/mail.go:232.2,232.44 1 1
github.com/mstgnz/gomail/mail.go:232.44,238.17 2 1
github.com/mstgnz/gomail/mail.go:238.17,240.4 1 0
github.com/mstgnz/gomail/mail.go:242.3,243.48 2 1
github.com/mstgnz/gomail/mail.go:243.48,245.4 1 0
github.com/mstgnz/gomail/mail.go:246.3,246.18 1 1
github.com/mstgnz/gomail/mail.go:250.2,250.49 1 1
github.com/mstgnz/gomail/mail.go:250.49,256.17 2 1
github.com/mstgnz/gomail/mail.go:256.17,258.4 1 0
github.com/mstgnz/gomail/mail.go:260.3,261.64 2 1
github.com/mstgnz/gomail/mail.go:261.64,263.4 1 0
github.com/mstgnz/gomail/mail.go:264.3,264.18 1 1
github.com/mstgnz/gomail/mail.go:267.2,267.12 1 1
github.com/mstgnz/gomail/mail.go:271.32,275.18 1 1
github.com/mstgnz/gomail/mail.go:275.18,277.3 1 1
github.com/mstgnz/gomail/mail.go:280.2,280.29 1 1
github.com/mstgnz/gomail/mail.go:280.29,283.3 2 1
github.com/mstgnz/gomail/mail.go:286.2,286.29 1 1
github.com/mstgnz/gomail/mail.go:286.29,287.29 1 1
github.com/mstgnz/gomail/mail.go:287.29,290.4 2 1
github.com/mstgnz/gomail/mail.go:294.2,294.29 1 1
github.com/mstgnz/gomail/mail.go:294.29,295.29 1 1
github.com/mstgnz/gomail/mail.go:295.29,298.4 2 1
github.com/mstgnz/gomail/mail.go:302.2,302.30 1 1
github.com/mstgnz/gomail/mail.go:302.30,303.29 1 1
github.com/mstgnz/gomail/mail.go:303.29,306.4 2 1
github.com/mstgnz/gomail/mail.go:309.2,309.13 1 1
github.com/mstgnz/gomail/mail.go:313.48,316.2 2 1
github.com/mstgnz/gomail/mail.go:319.43,320.20 1 1
github.com/mstgnz/gomail/mail.go:320.20,322.3 1 1
github.com/mstgnz/gomail/mail.go:323.2,323.18 1 1
github.com/mstgnz/gomail/mail.go:327.45,328.22 1 1
github.com/mstgnz/gomail/mail.go:328.22,330.3 1 1
github.com/mstgnz/gomail/mail.go:331.2,331.20 1 1
github.com/mstgnz/gomail/mail.go:335.39,337.12 2 1
github.com/mstgnz/gomail/mail.go:337.12,340.3 2 1
github.com/mstgnz/gomail/mail.go:341.2,341.15 1 1
github.com/mstgnz/gomail/mail.go:345.74,348.2 2 1
github.com/mstgnz/gomail/mail.go:351.54,354.2 2 1
github.com/mstgnz/gomail/mail.go:363.53,364.35 1 1
github.com/mstgnz/gomail/mail.go:364.35,365.27 1 1
github.com/mstgnz/gomail/mail.go:365.27,367.28 1 1
github.com/mstgnz/gomail/mail.go:367.28,370.5 2 0
github.com/mstgnz/gomail/mail.go:371.4,371.12 1 1
github.com/mstgnz/gomail/mail.go:373.3,374.43 2 1
github.com/mstgnz/gomail/mail.go:375.8,376.27 1 1
github.com/mstgnz/gomail/mail.go:376.27,379.4 2 0
github.com/mstgnz/gomail/mail.go:381.2,381.10 1 1
github.com/mstgnz/gomail/mail.go:385.64,388.2 2 1
github.com/mstgnz/gomail/mail.go:391.62,394.2 2 1
github.com/mstgnz/gomail/mail.go:397.60,398.29 1 1
github.com/mstgnz/gomail/mail.go:398.29,400.3 1 0
github.com/mstgnz/gomail/mail.go:402.2,406.13 4 1
github.com/mstgnz/gomail/mail.go:406.13,413.17 4 1
github.com/mstgnz/gomail/mail.go:413.17,415.4 1 0
github.com/mstgnz/gomail/mail.go:417.3,418.29 2 1
github.com/mstgnz/gomail/mail.go:418.29,420.4 1 1
github.com/mstgnz/gomail/mail.go:421.3,422.27 2 1
github.com/mstgnz/gomail/mail.go:425.2,426.49 2 1
github.com/mstgnz/gomail/mail.go:426.49,428.3 1 1
github.com/mstgnz/gomail/mail.go:430.2,431.12 2 0
github.com/mstgnz/gomail/mail.go:435.47,436.19 1 1
github.com/mstgnz/gomail/mail.go:436.19,438.3 1 0
github.com/mstgnz/gomail/mail.go:440.2,443.19 4 1
github.com/mstgnz/gomail/mail.go:443.19,445.3 1 1
github.com/mstgnz/gomail/mail.go:446.2,446.20 1 1
github.com/mstgnz/gomail/mail.go:446.20,448.3 1 1
github.com/mstgnz/gomail/mail.go:449.2,452.30 3 1
github.com/mstgnz/gomail/pool.go:25.53,26.15 1 1
github.com/mstgnz/gomail/pool.go:26.15,28.3 1 1
github.com/mstgnz/gomail/pool.go:30.2,37.28 2 1
github.com/mstgnz/gomail/pool.go:37.28,39.17 2 1
github.com/mstgnz/gomail/pool.go:39.17,41.4 1 1
github.com/mstgnz/gomail/pool.go:42.3,42.29 1 1
github.com/mstgnz/gomail/pool.go:45.2,45.18 1 1
github.com/mstgnz/gomail/pool.go:49.57,50.33 1 1
github.com/mstgnz/gomail/pool.go:50.33,52.3 1 0
github.com/mstgnz/gomail/pool.go:54.2,64.63 5 1
github.com/mstgnz/gomail/pool.go:64.63,72.3 2 0
github.com/mstgnz/gomail/pool.go:72.8,75.3 1 1
github.com/mstgnz/gomail/pool.go:77.2,77.16 1 1
github.com/mstgnz/gomail/pool.go:77.16,79.3 1 1
github.com/mstgnz/gomail/pool.go:81.2,82.16 2 1
github.com/mstgnz/gomail/pool.go:82.16,85.3 2 0
github.com/mstgnz/gomail/pool.go:87.2,87.62 1 1
github.com/mstgnz/gomail/pool.go:87.62,93.52 2 0
github.com/mstgnz/gomail/pool.go:93.52,96.4 2 0
github.com/mstgnz/gomail/pool.go:99.2,100.42 2 1
github.com/mstgnz/gomail/pool.go:100.42,103.3 2 0
github.com/mstgnz/gomail/pool.go:105.2,105.20 1 1
github.com/mstgnz/gomail/pool.go:109.54,110.38 1 1
github.com/mstgnz/gomail/pool.go:110.38,112.3 1 0
github.com/mstgnz/gomail/pool.go:114.2,114.9 1 1
github.com/mstgnz/gomail/pool.go:115.33,116.20 1 1
github.com/mstgnz/gomail/pool.go:116.20,118.4 1 0
github.com/mstgnz/gomail/pool.go:119.3,119.21 1 1
github.com/mstgnz/gomail/pool.go:120.10,121.30 1 1
github.com/mstgnz/gomail/pool.go:126.55,127.19 1 1
github.com/mstgnz/gomail/pool.go:127.19,129.3 1 1
github.com/mstgnz/gomail/pool.go:131.2,131.9 1 1
github.com/mstgnz/gomail/pool.go:132.31,132.31 0 1
github.com/mstgnz/gomail/pool.go:133.10,134.17 1 1
github.com/mstgnz/gomail/pool.go:139.24,140.38 1 1
github.com/mstgnz/gomail/pool.go:140.38,142.3 1 0
github.com/mstgnz/gomail/pool.go:144.2,148.36 4 1
github.com/mstgnz/gomail/pool.go:148.36,149.20 1 1
github.com/mstgnz/gomail/pool.go:149.20,151.4 1 1
